2025-11-28 11:19:42, MOVE, v:1, k:poo@agenda, mode:DOWN
2025-11-28 11:19:43, MOVE, v:1, k:poo@agenda, mode:PICK
2025-11-28 11:20:15, EXEC, v:1, k:poo@agenda, mode:FULL, rate:0, size:1
2025-11-28 11:20:19, MOVE, v:1, k:poo@agenda, mode:BACK
2025-11-28 11:24:52, MOVE, v:1, k:poo@agenda, mode:PICK
2025-11-28 11:38:55, MOVE, v:1, k:poo@agenda, mode:BACK
2025-11-28 11:38:59, MOVE, v:1, k:poo@contato, mode:DOWN
2025-11-28 11:39:00, MOVE, v:1, k:poo@contato, mode:PICK
2025-11-28 11:50:04, MOVE, v:1, k:poo@contato, mode:BACK
2025-11-28 11:51:45, MOVE, v:1, k:poo@agenda, mode:PICK
2025-11-28 11:51:46, EXEC, v:1, k:poo@agenda, mode:FULL, rate:0
2025-11-28 11:51:46, EXEC, v:1, k:poo@agenda, mode:FULL, rate:0
2025-11-28 12:33:26, MOVE, v:1, k:poo@agenda, mode:BACK
2025-11-28 12:33:28, MOVE, v:1, k:poo@agenda, mode:PICK
2025-11-28 12:33:30, EXEC, v:1, k:poo@agenda, mode:FULL, rate:0
2025-11-28 12:33:30, MOVE, v:1, k:poo@agenda, mode:BACK
2025-11-28 12:36:03, MOVE, v:1, k:poo@agenda, mode:PICK
2025-11-28 12:36:06, EXEC, v:1, k:poo@agenda, mode:FULL, rate:0, size:2
2025-11-28 13:07:33, EXEC, v:1, k:poo@agenda, mode:FULL, rate:0
2025-11-28 13:07:33, MOVE, v:1, k:poo@agenda, mode:BACK
2025-11-28 13:07:35, MOVE, v:1, k:poo@agenda, mode:PICK
2025-11-28 13:07:36, EXEC, v:1, k:poo@agenda, mode:FULL, rate:0
2025-11-28 13:38:01, EXEC, v:1, k:poo@agenda, mode:FULL, rate:0
2025-11-28 13:38:02, MOVE, v:1, k:poo@agenda, mode:BACK
2025-11-28 13:38:05, MOVE, v:1, k:poo@agenda, mode:PICK
2025-11-28 15:07:11, EXEC, v:1, k:poo@agenda, mode:FULL, rate:0
2025-11-28 15:07:14, EXEC, v:1, k:poo@agenda, mode:FULL, rate:0
2025-11-28 15:07:15, MOVE, v:1, k:poo@agenda, mode:BACK
2025-11-28 15:08:32, MOVE, v:1, k:poo@agenda, mode:PICK
2025-11-28 15:08:36, EXEC, v:1, k:poo@agenda, mode:FULL, rate:0, size:4
2025-11-28 15:09:01, EXEC, v:1, k:poo@agenda, mode:FULL, rate:0, size:7
2025-11-28 15:28:31, EXEC, v:1, k:poo@agenda, mode:FULL, rate:0
2025-11-28 15:49:13, EXEC, v:1, k:poo@agenda, mode:FULL, rate:0
2025-11-28 15:49:15, MOVE, v:1, k:poo@agenda, mode:BACK
2025-11-28 15:49:20, MOVE, v:1, k:poo@agenda, mode:PICK
2025-11-28 15:49:21, EXEC, v:1, k:poo@agenda, mode:FULL, rate:0
2025-11-28 16:48:55, EXEC, v:1, k:poo@agenda, mode:FULL, rate:0
2025-11-28 16:48:55, MOVE, v:1, k:poo@agenda, mode:BACK
2025-11-28 16:49:02, MOVE, v:1, k:poo@contato, mode:PICK
2025-11-28 16:49:05, EXEC, v:1, k:poo@contato, mode:FULL, rate:0, size:0
2025-11-28 16:52:25, MOVE, v:1, k:poo@contato, mode:BACK
2025-11-28 16:52:27, MOVE, v:1, k:poo@agenda, mode:PICK
2025-11-28 16:52:31, EXEC, v:1, k:poo@agenda, mode:FULL, rate:0, size:8
2025-11-28 16:52:34, EXEC, v:1, k:poo@agenda, mode:FULL, rate:0
2025-11-28 16:52:37, EXEC, v:1, k:poo@agenda, mode:FULL, rate:0
2025-11-28 16:52:37, MOVE, v:1, k:poo@agenda, mode:BACK
2025-11-28 16:52:51, MOVE, v:1, k:poo@contato, mode:PICK
2025-11-28 17:07:50, MOVE, v:1, k:poo@contato, mode:BACK
2025-11-28 17:07:52, MOVE, v:1, k:poo@agenda, mode:PICK
2025-11-28 17:07:57, EXEC, v:1, k:poo@agenda, mode:FULL, rate:0, size:10
2025-11-28 17:08:00, EXEC, v:1, k:poo@agenda, mode:FULL, rate:0
2025-11-28 17:08:01, MOVE, v:1, k:poo@agenda, mode:BACK
2025-11-28 17:08:07, MOVE, v:1, k:poo@agenda, mode:PICK
2025-11-28 17:08:11, EXEC, v:1, k:poo@agenda, mode:FULL, rate:0
2025-11-28 19:09:16, EXEC, v:1, k:poo@agenda, mode:FULL, rate:0
2025-11-28 19:09:16, MOVE, v:1, k:poo@agenda, mode:BACK
2025-11-28 19:09:19, MOVE, v:1, k:poo@agenda, mode:PICK
2025-11-28 19:09:21, EXEC, v:1, k:poo@agenda, mode:FULL, rate:0
2025-11-28 21:22:59, EXEC, v:1, k:poo@agenda, mode:FULL, rate:0
2025-11-28 21:22:59, MOVE, v:1, k:poo@agenda, mode:BACK
2025-11-28 21:23:02, MOVE, v:1, k:poo@agenda, mode:PICK
2025-11-28 21:23:06, EXEC, v:1, k:poo@agenda, mode:FULL, rate:0
2025-11-28 21:23:09, EXEC, v:1, k:poo@agenda, mode:FULL, rate:0
2025-11-28 21:23:09, MOVE, v:1, k:poo@agenda, mode:BACK
