2025-12-03 15:23:36, MOVE, v:1, k:poo@agenda, mode:PICK
2025-12-03 15:23:42, EXEC, v:1, k:poo@agenda, mode:FULL, rate:0
2025-12-03 15:23:46, EXEC, v:1, k:poo@agenda, mode:FULL, rate:0
2025-12-03 15:37:05, EXEC, v:1, k:poo@agenda, mode:FULL, rate:0, size:88
2025-12-03 15:42:54, EXEC, v:1, k:poo@agenda, mode:FULL, rate:0
2025-12-03 16:05:56, EXEC, v:1, k:poo@agenda, mode:FULL, rate:0, size:134
2025-12-03 16:06:05, EXEC, v:1, k:poo@agenda, mode:FULL, rate:0
2025-12-03 16:06:05, EXEC, v:1, k:poo@agenda, mode:FULL, rate:0
2025-12-03 16:06:07, EXEC, v:1, k:poo@agenda, mode:FULL, rate:0
2025-12-03 16:06:24, EXEC, v:1, k:poo@agenda, mode:FULL, rate:0
2025-12-03 16:08:44, EXEC, v:1, k:poo@agenda, mode:FULL, rate:0, size:134
2025-12-03 16:09:07, EXEC, v:1, k:poo@agenda, mode:FULL, rate:0, size:134
2025-12-03 16:12:22, EXEC, v:1, k:poo@agenda, mode:FULL, rate:0, size:38
2025-12-03 16:25:03, EXEC, v:1, k:poo@agenda, mode:FULL, rate:0, size:64
2025-12-03 16:25:07, EXEC, v:1, k:poo@agenda, mode:FULL, rate:0
2025-12-03 16:25:08, MOVE, v:1, k:poo@agenda, mode:BACK
2025-12-03 16:33:38, MOVE, v:1, k:poo@agenda, mode:PICK
2025-12-03 16:33:40, EXEC, v:1, k:poo@agenda, mode:FULL, rate:0
2025-12-03 16:33:40, EXEC, v:1, k:poo@agenda, mode:FULL, rate:0
2025-12-03 16:33:41, EXEC, v:1, k:poo@agenda, mode:FULL, rate:0
2025-12-03 16:33:41, MOVE, v:1, k:poo@agenda, mode:BACK
2025-12-03 23:12:58, MOVE, v:1, k:poo@agenda, mode:PICK
2025-12-03 23:13:00, EXEC, v:1, k:poo@agenda, mode:FULL, rate:0, size:64
2025-12-03 23:39:57, EXEC, v:1, k:poo@agenda, mode:FULL, rate:0, size:66
2025-12-03 23:47:51, EXEC, v:1, k:poo@agenda, mode:FULL, rate:0, size:45
2025-12-03 23:49:46, EXEC, v:1, k:poo@agenda, mode:FULL, rate:0, size:106
2025-12-03 23:49:59, MOVE, v:1, k:poo@agenda, mode:BACK
2025-12-03 23:50:50, MOVE, v:1, k:poo@agenda, mode:PICK
2025-12-03 23:50:51, EXEC, v:1, k:poo@agenda, mode:FULL, rate:0, size:149
2025-12-03 23:51:00, EXEC, v:1, k:poo@agenda, mode:FULL, rate:0
2025-12-03 23:51:18, EXEC, v:1, k:poo@agenda, mode:FULL, rate:0, size:149
2025-12-03 23:51:58, EXEC, v:1, k:poo@agenda, mode:FULL, rate:100, size:165
2025-12-03 23:52:00, MOVE, v:1, k:poo@agenda, mode:BACK
2025-12-03 23:52:51, SELF, v:1, k:poo@agenda, rate:100, other:p, alone:8
2025-12-03 23:53:18, SELF, v:1, k:poo@agenda, rate:100, other:pdf, alone:8, study:450
